<?xml version='1.0' encoding='UTF-8'?>
<!DOCTYPE coverage SYSTEM 'http://cobertura.sourceforge.net/xml/coverage-04.dtd'>
<coverage line-rate="1.0" branch-rate="0.0" lines-covered="22" lines-valid="22" branches-covered="0" branches-valid="0" complexity="0.0" timestamp="1723502412" version="gcovr 5.0"><sources><source>.</source></sources><packages><package name="src" line-rate="1.0" branch-rate="0.0" complexity="0.0"><classes><class name="leds_c" filename="src/leds.c" line-rate="1.0" branch-rate="0.0" complexity="0.0"><methods/><lines><line number="47" hits="41" branch="false"/><line number="48" hits="41" branch="false"/><line number="52" hits="10" branch="false"/><line number="53" hits="10" branch="false"/><line number="54" hits="10" branch="false"/><line number="55" hits="10" branch="false"/><line number="57" hits="21" branch="false"/><line number="59" hits="21" branch="false"/><line number="60" hits="21" branch="false"/><line number="64" hits="21" branch="false"/><line number="66" hits="18" branch="false"/><line number="68" hits="18" branch="false"/><line number="69" hits="18" branch="false"/><line number="73" hits="18" branch="false"/><line number="75" hits="2" branch="false"/><line number="76" hits="2" branch="false"/><line number="77" hits="2" branch="false"/><line number="79" hits="1" branch="false"/><line number="80" hits="1" branch="false"/><line number="81" hits="1" branch="false"/><line number="83" hits="2" branch="false"/><line number="84" hits="2" branch="false"/></lines></class></classes></package></packages></coverage>